Logfile initialized
[INFO] logfile = /Users/ralcocer/Dropbox/AppC/LocalHacking/XPNG Classic/build.log
[INFO] logfile = /Users/ralcocer/Dropbox/AppC/LocalHacking/XPNG Classic/build.log
[DEBUG] /Users/ralcocer/Library/Application Support/Titanium/mobilesdk/osx/3.1.3.GA/android/builder.py simulator XPNG Classic /Users/ralcocer/android-sdk /Users/ralcocer/Dropbox/AppC/LocalHacking/XPNG Classic com.alcoapps.xpngclassic 11 WVGA854
[DEBUG] /Users/ralcocer/Library/Application Support/Titanium/mobilesdk/osx/3.1.3.GA/android/builder.py emulator XPNG Classic /Users/ralcocer/android-sdk /Users/ralcocer/Dropbox/AppC/LocalHacking/XPNG Classic com.alcoapps.xpngclassic 11 WVGA854 x86
[INFO] Building XPNG Classic for Android ... one moment
[INFO] Launching Android emulator...one moment
[DEBUG] From: /Users/ralcocer/android-sdk/tools/emulator
[DEBUG] SDCard: /Users/ralcocer/.titanium/android2.sdcard
[DEBUG] AVD ID: 11
[DEBUG] AVD Skin: WVGA854
[DEBUG] AVD ABI: x86
[DEBUG] SDK: /Users/ralcocer/android-sdk
[INFO] Emulator is running.
[INFO] Titanium SDK version: 3.1.3 (09/18/13 12:00 222f4d1)
[DEBUG] Waiting for device to be ready ...
[TRACE] adb devices returned 1 devices/emulators
[DEBUG] Device connected... (waited 0 seconds)
[DEBUG] waited 0.014299 seconds on emulator to get ready
[DEBUG] com.alcoapps.xpngclassic installed? True
[WARN] Fastdev enabled, but server isn't running, deploying normally
[INFO] Copying CommonJS modules...
[INFO] Copying project resources..
[TRACE] COPYING MODIFIED FILE: /Users/ralcocer/Dropbox/AppC/LocalHacking/XPNG Classic/Resources/app.js => /Users/ralcocer/Dropbox/AppC/LocalHacking/XPNG Classic/build/android/bin/assets/Resources/app.js
[TRACE] COPYING MODIFIED FILE: /Users/ralcocer/Dropbox/AppC/LocalHacking/XPNG Classic/Resources/lib/xpng.js => /Users/ralcocer/Dropbox/AppC/LocalHacking/XPNG Classic/build/android/bin/assets/Resources/lib/xpng.js
[DEBUG] LiveView not enabled
[TRACE] Generating Java Classes
[DEBUG] Processing Android resource drawables
[DEBUG] copying app icon: /Users/ralcocer/Dropbox/AppC/LocalHacking/XPNG Classic/build/android/bin/assets/Resources/appicon.png
[DEBUG] generating theme.xml
[DEBUG] found drawable-long-land-hdpi splash screen at /Users/ralcocer/Dropbox/AppC/LocalHacking/XPNG Classic/Resources/android/images/res-long-land-hdpi/default.png
[DEBUG] copying /Users/ralcocer/Dropbox/AppC/LocalHacking/XPNG Classic/Resources/android/images/res-long-land-hdpi/default.png splash screen to /Users/ralcocer/Dropbox/AppC/LocalHacking/XPNG Classic/build/android/res/drawable-long-land-hdpi/background.png
[DEBUG] found drawable-long-land-ldpi splash screen at /Users/ralcocer/Dropbox/AppC/LocalHacking/XPNG Classic/Resources/android/images/res-long-land-ldpi/default.png
[DEBUG] copying /Users/ralcocer/Dropbox/AppC/LocalHacking/XPNG Classic/Resources/android/images/res-long-land-ldpi/default.png splash screen to /Users/ralcocer/Dropbox/AppC/LocalHacking/XPNG Classic/build/android/res/drawable-long-land-ldpi/background.png
[DEBUG] found drawable-long-port-hdpi splash screen at /Users/ralcocer/Dropbox/AppC/LocalHacking/XPNG Classic/Resources/android/images/res-long-port-hdpi/default.png
[DEBUG] copying /Users/ralcocer/Dropbox/AppC/LocalHacking/XPNG Classic/Resources/android/images/res-long-port-hdpi/default.png splash screen to /Users/ralcocer/Dropbox/AppC/LocalHacking/XPNG Classic/build/android/res/drawable-long-port-hdpi/background.png
[DEBUG] found drawable-long-port-ldpi splash screen at /Users/ralcocer/Dropbox/AppC/LocalHacking/XPNG Classic/Resources/android/images/res-long-port-ldpi/default.png
[DEBUG] copying /Users/ralcocer/Dropbox/AppC/LocalHacking/XPNG Classic/Resources/android/images/res-long-port-ldpi/default.png splash screen to /Users/ralcocer/Dropbox/AppC/LocalHacking/XPNG Classic/build/android/res/drawable-long-port-ldpi/background.png
[DEBUG] found drawable-notlong-land-hdpi splash screen at /Users/ralcocer/Dropbox/AppC/LocalHacking/XPNG Classic/Resources/android/images/res-notlong-land-hdpi/default.png
[DEBUG] copying /Users/ralcocer/Dropbox/AppC/LocalHacking/XPNG Classic/Resources/android/images/res-notlong-land-hdpi/default.png splash screen to /Users/ralcocer/Dropbox/AppC/LocalHacking/XPNG Classic/build/android/res/drawable-notlong-land-hdpi/background.png
[DEBUG] found drawable-notlong-land-ldpi splash screen at /Users/ralcocer/Dropbox/AppC/LocalHacking/XPNG Classic/Resources/android/images/res-notlong-land-ldpi/default.png
[DEBUG] copying /Users/ralcocer/Dropbox/AppC/LocalHacking/XPNG Classic/Resources/android/images/res-notlong-land-ldpi/default.png splash screen to /Users/ralcocer/Dropbox/AppC/LocalHacking/XPNG Classic/build/android/res/drawable-notlong-land-ldpi/background.png
[DEBUG] found drawable-notlong-land-mdpi splash screen at /Users/ralcocer/Dropbox/AppC/LocalHacking/XPNG Classic/Resources/android/images/res-notlong-land-mdpi/default.png
[DEBUG] copying /Users/ralcocer/Dropbox/AppC/LocalHacking/XPNG Classic/Resources/android/images/res-notlong-land-mdpi/default.png splash screen to /Users/ralcocer/Dropbox/AppC/LocalHacking/XPNG Classic/build/android/res/drawable-notlong-land-mdpi/background.png
[DEBUG] found drawable-notlong-port-hdpi splash screen at /Users/ralcocer/Dropbox/AppC/LocalHacking/XPNG Classic/Resources/android/images/res-notlong-port-hdpi/default.png
[DEBUG] copying /Users/ralcocer/Dropbox/AppC/LocalHacking/XPNG Classic/Resources/android/images/res-notlong-port-hdpi/default.png splash screen to /Users/ralcocer/Dropbox/AppC/LocalHacking/XPNG Classic/build/android/res/drawable-notlong-port-hdpi/background.png
[DEBUG] found drawable-notlong-port-ldpi splash screen at /Users/ralcocer/Dropbox/AppC/LocalHacking/XPNG Classic/Resources/android/images/res-notlong-port-ldpi/default.png
[DEBUG] copying /Users/ralcocer/Dropbox/AppC/LocalHacking/XPNG Classic/Resources/android/images/res-notlong-port-ldpi/default.png splash screen to /Users/ralcocer/Dropbox/AppC/LocalHacking/XPNG Classic/build/android/res/drawable-notlong-port-ldpi/background.png
[DEBUG] found drawable-notlong-port-mdpi splash screen at /Users/ralcocer/Dropbox/AppC/LocalHacking/XPNG Classic/Resources/android/images/res-notlong-port-mdpi/default.png
[DEBUG] copying /Users/ralcocer/Dropbox/AppC/LocalHacking/XPNG Classic/Resources/android/images/res-notlong-port-mdpi/default.png splash screen to /Users/ralcocer/Dropbox/AppC/LocalHacking/XPNG Classic/build/android/res/drawable-notlong-port-mdpi/background.png
[DEBUG] found splash screen at /Users/ralcocer/Dropbox/AppC/LocalHacking/XPNG Classic/build/android/bin/assets/Resources/default.png
[TRACE] Writing out AndroidManifest.xml
[DEBUG] adding /Users/ralcocer/Dropbox/AppC/LocalHacking/XPNG Classic/build/android/gen/com/alcoapps/xpngclassic/R.java to javac build list
[DEBUG] adding /Users/ralcocer/Dropbox/AppC/LocalHacking/XPNG Classic/build/android/gen/com/alcoapps/xpngclassic/XpngClassicActivity.java to javac build list
[DEBUG] adding /Users/ralcocer/Dropbox/AppC/LocalHacking/XPNG Classic/build/android/gen/com/alcoapps/xpngclassic/XpngClassicAppInfo.java to javac build list
[DEBUG] adding /Users/ralcocer/Dropbox/AppC/LocalHacking/XPNG Classic/build/android/gen/com/alcoapps/xpngclassic/XpngClassicApplication.java to javac build list
[DEBUG] Building Java Sources: "/Users/ralcocer/Dropbox/AppC/LocalHacking/XPNG Classic/build/android/gen/com/alcoapps/xpngclassic/R.java" "/Users/ralcocer/Dropbox/AppC/LocalHacking/XPNG Classic/build/android/gen/com/alcoapps/xpngclassic/XpngClassicActivity.java" "/Users/ralcocer/Dropbox/AppC/LocalHacking/XPNG Classic/build/android/gen/com/alcoapps/xpngclassic/XpngClassicAppInfo.java" "/Users/ralcocer/Dropbox/AppC/LocalHacking/XPNG Classic/build/android/gen/com/alcoapps/xpngclassic/XpngClassicApplication.java"
[INFO] Compiling Android Resources... This could take some time
[DEBUG] Android classes.dex built
[DEBUG] creating unsigned apk: /Users/ralcocer/Dropbox/AppC/LocalHacking/XPNG Classic/build/android/bin/app-unsigned.apk
[DEBUG] from resource zip => assets/Resources/lib/xpng.js
[DEBUG] from resource zip => assets/Resources/KS_nav_ui.png
[DEBUG] from resource zip => assets/Resources/KS_nav_views.png
[DEBUG] from resource zip => assets/Resources/app.js
[DEBUG] from resource zip => assets/Resources/appicon.png
[DEBUG] from resource zip => assets/Resources/default.png
[DEBUG] from resource zip => assets/app.json
[DEBUG] from resource zip => assets/index.json
[DEBUG] from resource zip => res/drawable/appicon.png
[DEBUG] from resource zip => res/drawable/background.png
[DEBUG] from resource zip => res/drawable/btn_check_buttonless_on_64.png
[DEBUG] from resource zip => res/drawable/btn_more_64.png
[DEBUG] from resource zip => res/drawable/disclosure_64.png
[DEBUG] from resource zip => res/layout/titanium_tabgroup.xml
[DEBUG] from resource zip => res/layout/titanium_ui_list_header_or_footer.xml
[DEBUG] from resource zip => res/layout/titanium_ui_list_item.xml
[DEBUG] from resource zip => AndroidManifest.xml
[DEBUG] from resource zip => resources.arsc
[DEBUG] from resource zip => res/drawable-long-land-hdpi/background.png
[DEBUG] from resource zip => res/drawable-long-land-ldpi/background.png
[DEBUG] from resource zip => res/drawable-long-port-hdpi/background.png
[DEBUG] from resource zip => res/drawable-long-port-ldpi/background.png
[DEBUG] from resource zip => res/drawable-notlong-land-hdpi/background.png
[DEBUG] from resource zip => res/drawable-notlong-land-ldpi/background.png
[DEBUG] from resource zip => res/drawable-notlong-land-mdpi/background.png
[DEBUG] from resource zip => res/drawable-notlong-port-hdpi/background.png
[DEBUG] from resource zip => res/drawable-notlong-port-ldpi/background.png
[DEBUG] from resource zip => res/drawable-notlong-port-mdpi/background.png
[DEBUG] from JAR /Users/ralcocer/Library/Application Support/Titanium/mobilesdk/osx/3.1.3.GA/android/modules/titanium-ui.jar => ti/modules/titanium/ui/widget/webview/binding.js
[DEBUG] from JAR /Users/ralcocer/Library/Application Support/Titanium/mobilesdk/osx/3.1.3.GA/android/modules/titanium-ui.jar => ti/modules/titanium/ui/widget/webview/binding.min.js
[DEBUG] from JAR /Users/ralcocer/Library/Application Support/Titanium/mobilesdk/osx/3.1.3.GA/android/modules/titanium-ui.jar => ti/modules/titanium/ui/widget/webview/json2.js
[DEBUG] from JAR /Users/ralcocer/Library/Application Support/Titanium/mobilesdk/osx/3.1.3.GA/android/modules/titanium-ui.jar => ti/modules/titanium/ui/widget/webview/polling.js
[DEBUG] from JAR /Users/ralcocer/Library/Application Support/Titanium/mobilesdk/osx/3.1.3.GA/android/modules/titanium-ui.jar => ti/modules/titanium/ui/widget/webview/polling.min.js
[DEBUG] from JAR /Users/ralcocer/Library/Application Support/Titanium/mobilesdk/osx/3.1.3.GA/android/titanium.jar => org/appcelerator/titanium/build.properties
[DEBUG] from JAR /Users/ralcocer/Library/Application Support/Titanium/mobilesdk/osx/3.1.3.GA/android/titanium.jar => org/appcelerator/titanium/res/drawable/background.png
[DEBUG] from JAR /Users/ralcocer/Library/Application Support/Titanium/mobilesdk/osx/3.1.3.GA/android/titanium.jar => org/appcelerator/titanium/res/drawable/btn_check_buttonless_on.png
[DEBUG] from JAR /Users/ralcocer/Library/Application Support/Titanium/mobilesdk/osx/3.1.3.GA/android/titanium.jar => org/appcelerator/titanium/res/drawable/btn_check_buttonless_on_18.png
[DEBUG] from JAR /Users/ralcocer/Library/Application Support/Titanium/mobilesdk/osx/3.1.3.GA/android/titanium.jar => org/appcelerator/titanium/res/drawable/btn_check_buttonless_on_48.png
[DEBUG] from JAR /Users/ralcocer/Library/Application Support/Titanium/mobilesdk/osx/3.1.3.GA/android/titanium.jar => org/appcelerator/titanium/res/drawable/btn_check_buttonless_on_64.png
[DEBUG] from JAR /Users/ralcocer/Library/Application Support/Titanium/mobilesdk/osx/3.1.3.GA/android/titanium.jar => org/appcelerator/titanium/res/drawable/btn_more.png
[DEBUG] from JAR /Users/ralcocer/Library/Application Support/Titanium/mobilesdk/osx/3.1.3.GA/android/titanium.jar => org/appcelerator/titanium/res/drawable/btn_more_18.png
[DEBUG] from JAR /Users/ralcocer/Library/Application Support/Titanium/mobilesdk/osx/3.1.3.GA/android/titanium.jar => org/appcelerator/titanium/res/drawable/btn_more_48.png
[DEBUG] from JAR /Users/ralcocer/Library/Application Support/Titanium/mobilesdk/osx/3.1.3.GA/android/titanium.jar => org/appcelerator/titanium/res/drawable/btn_more_64.png
[DEBUG] from JAR /Users/ralcocer/Library/Application Support/Titanium/mobilesdk/osx/3.1.3.GA/android/titanium.jar => org/appcelerator/titanium/res/drawable/btn_picker_normal.9.png
[DEBUG] from JAR /Users/ralcocer/Library/Application Support/Titanium/mobilesdk/osx/3.1.3.GA/android/titanium.jar => org/appcelerator/titanium/res/drawable/btn_picker_pressed.9.png
[DEBUG] from JAR /Users/ralcocer/Library/Application Support/Titanium/mobilesdk/osx/3.1.3.GA/android/titanium.jar => org/appcelerator/titanium/res/drawable/btn_picker_selected.9.png
[DEBUG] from JAR /Users/ralcocer/Library/Application Support/Titanium/mobilesdk/osx/3.1.3.GA/android/titanium.jar => org/appcelerator/titanium/res/drawable/default_icon.png
[DEBUG] from JAR /Users/ralcocer/Library/Application Support/Titanium/mobilesdk/osx/3.1.3.GA/android/titanium.jar => org/appcelerator/titanium/res/drawable/photoDefault.png
[DEBUG] installing native SDK libs
[DEBUG] Waiting for device to be ready ...
[TRACE] adb devices returned 1 devices/emulators
[DEBUG] Device connected... (waited 0 seconds)
[DEBUG] waited 0.014089 seconds on emulator to get ready
[INFO] Installing application on emulator
[INFO] Launching application ... XPNG Classic
[TRACE] Launch output: Starting: Intent { act=android.intent.action.MAIN cat=[android.intent.category.LAUNCHER] flg=0x10200000 cmp=com.alcoapps.xpngclassic/.XpngClassicActivity }

[INFO] Deployed XPNG Classic ... Application should be running.
